[    0.000000] Linux veron 4.10-20-generic (buildd@lgw01-amd64-039) (gcc version 7.3.0 (Ubuntu 7.3.0-16ubuntu3)) #21-Ubuntu SMP Tue Apr 24 06:16:15 UTC 2018 (Ubuntu 4.15.0-20.21-generic 4.15.17)
[    0.000000] Command line: BOOT_IMAGE=/bootmlinuz-4.15.0-20-genericoot=LABEL=cloudimg-rtfs ro console=tty1 conse=ttyS0
[    0.000000]ERNEL supported cpus:
[    0.000000]   Intel GenuineIel
[    0.000000]   AMD AuthenticAMD
[    0.000000]   Centaur CentaurHauls
[    0.000000] x86/fpu: Supporting XSAVE feature 0x001: 'x87 floating point registers'
[    0.000000] x86/fpu: Supporting XSAVE feature 0x002: 'SSE registers'
[    0.000000] x86/fpu: Supporting XSAVE feature 0x004: 'AVX registers'
[    0.000000] x86/fpu: xstate_offset[2]:  576, xstate_sizes[2]:  256
[    0.000000] x86/fpu: Enabled xstate features 0x7, context size is 832 bytes, using 'standard' format.
[    0.000000] e820: BIOS-provided physical RAM map:
[    0.000000] BIOS-e820: [mem 0x0000000000000000-0x000000000009fbff] usable
[    0.000000] BIOS-e820: [mem 0x000000000009fc00-0x000000000009ffff] reserved
[    0.000000] BIOS-e820: [mem 0x00000000000f0000-0x00000000000fffff] reserved
[    0.000000] BIOS-e820: [mem 0x0000000000100000-0x000000007ffeffff] usable
[    0.000000] BIOS-e820: [mem 0x000000007fff0000-0x000000007fffffff] ACPI data
[    0.000000] BIOS-e820: [mem 0x00000000fec00000-0x00000000fec00fff] reserved
[    0.000000] BIOS-e820: [mem 0x00000000fee00000-0x00000000fee00fff] reserved
[    0.000000] BIOS-e820: [mem 0x00000000fff000-0x00000000ffffffff] rerved
[    0.000000] NX (Execute Disable) protection: active
[    0.000000] random: fast init done
[    0.000000SMBIOS 2.5 present.
[    0.00000 DMI: iotek GmbH VirtualBox/VirtualBox, BIOS VirtualBox 12/01/2006
[    0.000000] Hypervisor detected: KVM
[    0.000000] e820: last_pfn = 0x7fff0 max_arch_pfn = 0x400000000
[    0.000000] MTRR: Disled
[    0.000000] x86/PAT: MTRRs disabled, skiping PAT initialization too.
[    0.000000] CPU MTRRs all blank - virtualized system.
[    0.000000] x86/PAT: Configuration [0-7]: WB  WT  UC- UC  WB  WT  UC- UC  
[    0.000000] found SMP MP-table at [mem0x000fff0-0x0009ffff] mapped at [        (ptrval)]
[    0.000000] Scanning 1 areas for low memory corruption
[    0.000000] RAMDISK: [mem 0x35ac9000-0x36d5bfff]
[    0.000000] ACPI: Early table checksum verifiction disabled
[    0.000000] ACPI: RSDP 0x00000000000E0000 000024 (v02 VBOX  )
[    0.000000] ACPI: XSDT 0x000000007FFF0030 00003C (v01 VBOX   VBOXXSDT 00000001 ASL  00000061)
[    0.000000] ACPI: FACP 0x000000007FFF00F0 0000F4 (v04 VBOX   VBOXFACP 00000001 ASL  00000061)
[    0.000000] ACPI: DSDT 0x000000007FFF0470 0021FF (v02 VBOX   VBOXBIOS 00000002 INTL 20100528)
[    0.000000] ACPI: FACS 0x000000007FFF0200 000040
[    0.000000] ACPI: FACS 0x000000007FFF0200 000040
[    0.000000] ACPI: APIC 0x000000007FFF0240 00005C (v02 VBOX   VBOXAPIC 00000001 ASL  00000061)
[    0.000000] ACPI: SSDT 0x000000007FFF02A0 0001CC (v01 VBOX   VBOXCPUT 00000002 INTL 20100528)
[    0.000000] No NUMA configuration found
[    0.000000] Faking a node at [mem 0x0000000000000000-0x000000007ffeffff]
[    0.000000] NODE_DATA(0) allocated [mem 0x7ffc5000-0x7ffeffff]
[    0.000000] kvm-clock: cpu 0, msr 0:7ff44001, primary cpu clock
[    0.000000] kvm-clock: Using msrs 4b564d01 and 4b564d00
[    0.000000] kvm-clock: using sched offset of 3419286073 cycles
[    0.000000] clocksource: kvm-clock: mask: 0xffffffffffffffff max_cycles: 0x1cd42e4dffb, max_idle_ns: 881590591483 ns
[    0.000000] Zone ranges:
[    0.000000]   DMA      [mem 0x0000000000001000-0x0000000000ffffff]
[    0.000000]   DMA32    [mem 0x0000000001000000-0x000000007ffeffff]
[    0.000000]   Normal   empty
[    0.000000]   Device   empty
[    0.000000] Movable zone start for each node
[    0.000000] Early memory node ranges
[    0.000000]   node   0: [mem 0x0000000000001000-0x000000000009efff]
[    0.000000]   node   0: [mem 0x0000000000100000-0x000000007ffeffff]
[    0.000000] Initmem setup node 0 [mem 0x0000000000001000-0x000000007ffeffff]
[    0.000000] Reserved but unavailable: 98 pages
[    0.000000] ACPI: PM-Timer IO Port: 0x4008
[    0.000000] IOAPIC[0]: apic_id 2, versin 32, address 0xfec0000 GSI-23
[    0.000000] ACPI: INT_SRC_OVR (bus 0 bus_irq 0 global_irq 2 dfl dfl)
[    0.000000] ACPI: INT_SRC_OVR (bus 0 bus_irq 9 global_irq 9 low level)
[    0.000000] Using ACPI (MADT) for SMP configuration information
[    0.000000] smpboot: Allowing 2 CPUs, 0 hotplug CPUs
[    0.000000] PM: Registered nosave memory: [mem 0x00000000-0x00000fff]
[    0.000000] PM: Registered nosave memory: [mem 0x0009f000-0x0009ffff]
[    0.000000] PM: Registered nosave memory: [mem 0x000a0000-0x000effff]
[    0.000000] PM: Registered nosave memory: [mem 0x000f0000-0x000fffff]
[    0.000000] e820: [mem 0x80000000-0xfebfffff] available for PCI devices
[    0.000000] Booting paravirtualized kernel on KVM
[    0.000000] clocksource: refined-jiffies: mask: 0xffffffff max_cycles: 0xffffffff, max_idle_ns: 7645519600211568 ns
[    0.000000] setup_percpu: NR_CPUS:8192 nr_cpumask_bits:2 nr_cpu_ids:2 nr_node_ids:1
[    0.000000] percpu: Embedded 46 pages/cpu @        (ptrval) s151552 r8192 d28672 u1048576
[    0.000000] PV qspinlock hash table entries: 256 (order: 0, 4096 bytes)
[    0.000000] Built 1 zonelists, mobility grouping on.  Total pages: 515961
[    0.000000] Policy zone: DMA32
[    0.000000] Kernel command line: BOOT_IMAGE=/boot/vmlinuz-4.15.0-20-generic root=LABEL=cloudimg-rootfs ro console=tty1 console=ttyS0
[    0.000000] Memory: 2015760K/2096696K available (12300K kernel code, 2470K rwdata, 4240K rodata, 2404K init, 2416K bss, 80936K reserved, 0K cma-reserved)
[    0.000000] SLUB: HWalign=64, Order=0-3, MinObjects=0, CPUs=2, Nodes=1
[    0.000000] Kernel/User page tables isolation: enabled
[    0.000000] ftrace: allocating 39065 entries in 153 pages
[    0.004000] Hierarchical RCU implementation.
[    0.004000] 	RCU restricting CPUs from NR_CPUS=8192 to nr_cpu_ids=2.
[    0.004000] 	Tasks RCU enabled.
[    0.004000] RCU: Adjusting geometry for rcu_fanout_leaf=16, nr_cpu_ids=2
[    0.004000] NR_IRQS: 524544, nr_irqs: 440, preallocated irqs: 16
[    0.004000] Console: colour VGA+ 80x25
[    0.004000] console [tty1] enabled
[    0.004000] console [ttyS0] enabled
[    0.004000] ACPI: Core revision 20170831
[    0.004000] ACPI: 2 ACPI AML tables successfully acquired and loaded
[    0.004000] APIC: Switch to symmetric I/O mode setup
[    0.004000] x2apic enabled
[    0.004000] Switched APC routing to physical x2apic.
[    0.008506] ..TIMER: vector=0x30 apic1=0 pin1=2 apic2=-1 pin2=-1
[    0.012007] tsc: Detected 1992.002 MHz processor
[    0.012830] Calibrating delay loop (skipped) preset value.. 3984.00 BogoMIPS (lpj=7968008)
[    0.016004] pid_max: default: 32768 minimum: 301
[    0.016691] Security Framework initialized
[    0.017351] Yama: becoming mindful.
[    0.020030] AppArmor: AppArmor initialized
[    0.021403] Dentry cache hash table entries: 262144 (order: 9, 2097152 bytes)
[    0.024757] Inode-cache hash table entries: 131072 (order: 8, 1048576 bytes)
[    0.028019] Mount-cache hash table entries: 4096 (order: 3, 32768 bytes)
[    0.028921] Mountpoint-cache hash table entries: 4096 (order: 3, 32768 bytes)
[    0.032234] CPU: Physical Processor ID: 0
[    0.032949] CPU: Processor Core ID: 0
[    0.033556] mce: CPU supports 0 MCE banks
[    0.034255] Last level iTLB entries: 4KB 64, 2MB 8, 4MB 8
[    0.036002] Last level dTLB entries: 4KB 64, 2MB 0, 4MB 0, 1GB 4
[    0.036980] Spectre V2 : Mitigation: Full generic retpoline
[    0.037885] Spectre V2 : Spectre v2 mitigation: Filling RSB on context switch
[    0.039101] Freeing SMP alternatives memory: 36K
[    0.044000] smpboot: CPU0: Intel(R) Core(TM) i7-8565U CPU @ 1.80GHz (family: 0x6, model: 0x8e, stepping: 0xc)
[    0.044067] Performance Events: unsupported p6 CPU model 142 no PMU driver, software events only.
[    0.048043] Hierarchical SRCU implementation.
[    0.052556] NMI watchdog: Perf event create on CPU 0 failed with -2
[    0.056004] NMI watchdog: Perf NMI watchdog permanently disabled
[    0.056886] smp: Bringing up secondary CPUs ...
[    0.060084] x86: Booting SMP configuration:
[    0.060726] .... node  #0, CPUs:      #1
[    0.004000] kvm-clock: cpu 1, msr 0:7ff44041, secondary cpu clock
[    0.004000] mce: CPU supports 0 MCE banks
[    0.067487] smp: Brought up 1 node, 2 CPUs
[    0.068004] smpboot: Max logical packages: 1
[    0.072004] smpboot: Total of 2 processors activated (7968.00 BogoMIPS)
[    0.076155] devtmpfs: initialized
[    0.080062] x86/mm: Memory block size: 128MB
[    0.084176] evm: security.selinux
[    0.084675] evm: security.SMACK64
[    0.088005] evm: security.SMACK64EXEC
[    0.088660] evm: security.SMACK64TRANSMUTE
[    0.089391] evm: security.SMACK64MMAP
[    0.090064] evm: security.apparmor
[    0.090661] evm: security.ima
[    0.092002] evm: security.capability
[    0.092645] clocksource: jiffies: mask: 0xffffffff max_cycles: 0xffffffff, max_idle_ns: 7645041785100000 ns
[    0.093423] futex hash table entries: 512 (order: 3, 32768 bytes)
[    0.094379] pinctrl core: initialized pinctrl subsystem
[    0.096099] RTC time: 19:51:37, date: 12/30/20
[    0.100131] NET: Registered protocol family 16
[    0.100840] audit: initializing netlink subsys (disabled)
[    0.101745] audit: type=2000 audit(1609357900.848:1): state=initialized audit_enabled=0 res=1
[    0.104009] cpuidle: using governor ladder
[    0.104586] cpuidle: using governor menu
[    0.105174] ACPI: bus type PCI registered
[    0.105742] acpiphp: ACPI Hot Plug PCI Controller Driver version: 0.5
[    0.106778] PCI: Using configuration type 1 for base access
[    0.109017] HugeTLB registered 2.00 MiB page size, pre-allocated 0 pages
[    0.112088] ACPI: Added _OSI(Module Device)
[    0.112787] ACPI: Added _OSI(Processor Device)
[    0.113575] ACPI: Added _OSI(3.0 _SCP Extensions)
[    0.114306] ACPI: Added _OSI(Processor Aggregator Device)
[    0.116223] ACPI: Executed 1 blocks of module-level executable AML code
[    0.120859] ACPI: Interpreter enabled
[    0.124017] ACPI: (supports S0 S5)
[    0.128004] ACPI: Using IOAPIC for interrupt routing
[    0.128934] PCI: Using host bridge windows from ACPI; if necessary, use "pci=nocrs" and report a bug
[    0.132156] ACPI: Enabled 2 GPEs in block 00 to 07
[    0.142663] ACPI: PCI Root Bridge [PCI0] (domain 0000 [bus 00-ff])
[    0.144014] acpi PNP0A03:00: _OSC: OS supports [ASPM ClockPM Segments MSI]
[    0.145091] acpi PNP0A03:00: _OSC: not requesting OS control; OS requires [ExtendedConfig ASPM ClockPM MSI]
[    0.148018] acpi PNP0A03:00: fail to add MMCONFIG information, can't access extended PCI configuration space under this bridge.
[    0.150148] PCI host bridge to bus 0000:00
[    0.152003] pci_bus 0000:00: root bus resource [io  0x0000-0x0cf7 window]
[    0.153074] pci_bus 0000:00: root bus resource [io  0x0d00-0xffff window]
[    0.154133] pci_bus 0000:00: root bus resource [mem 0x000a0000-0x000bffff window]
[    0.155361] pci_bus 0000:00: root bus resource [mem 0x80000000-0xfdffffff window]
[    0.156004] pci_bus 0000:00: root bus resource [bus 00-ff]
[    0.158621] pci 0000:00:01.1: legacy IDE quirk: reg 0x10: [io  0x01f0-0x01f7]
[    0.160007] pci 0000:00:01.1: legacy IDE quirk: reg 0x14: [io  0x03f6]
[    0.160954] pci 0000:00:01.1: legacy IDE quirk: reg 0x18: [io  0x0170-0x0177]
[    0.162017] pci 0000:00:01.1: legacy IDE quirk: reg 0x1c: [io  0x0376]
[    0.182883] pci 0000:00:07.0: quirk: [io  0x4000-0x403f] claimed by PIIX4 ACPI
[    0.184023] pci 0000:00:07.0: quirk: [io  0x4100-0x410f] claimed by PIIX4 SMB
[    0.201409] ACPI: PCI Interrupt Link [LNKA] (IRQs 5 9 10 *11)
[    0.203296] ACPI: PCI Interrupt Link [LNKB] (IRQs 5 9 *10 11)
[    0.204106] ACPI: PCI Interrupt Link [LNKC] (IRQs 5 *9 10 11)
[    0.205109] ACPI: PCI Interrupt Link [LNKD] (IRQs 5 9 10 *11)
[    0.206301] SCSI subsystem initialized
[    0.206982] pci 0000:00:02.0: vgaarb: setting as boot VGA device
[    0.206982] pci 0000:00:02.0: vgaarb: VGA device added: decodes=io+mem,owns=io+mem,locks=none
[    0.208009] pci 0000:00:02.0: vgaarb: bridge control possible
[    0.208840] vgaarb: loaded
[    0.209348] ACPI: bus type USB registered
[    0.210047] usbcore: registered new interface driver usbfs
[    0.212020] usbcore: registered new interface driver hub
[    0.212813] usbcore: registered new device driver usb
[    0.213546] EDAC MC: Ver: 3.0.0
[    0.213546] PCI: Using ACPI for IRQ routing
[    0.213546] NetLabel: Initializing
[    0.216006] NetLabel:  domain hash size = 128
[    0.216748] NetLabel:  protocols = UNLABELED CIPSOv4 CALIPSO
[    0.220018] NetLabel:  unlabeled traffic allowed by default
[    0.228077] clocksource: Switched to clocksource kvm-clock
[    0.246145] VFS: sk otas dquot_6.6.0
[    0.348114] VFS: Dquot-cache hash table entries: 512 (order 0, 4096 bytes)
[    0.349325] AppArmor: AppArmor Filesystem Ebled
[    0.396797] pnp: PnP ACPI init
[    0.398352] pnp: PnP ACPI: found 3 devices

[  0.408371] clocksource: acpi_: sk: 0xffffff max_cycles: 0xfff, max_idle_ns: 2085701024 ns
[    0.619154] NET: Registered protocol family 2

[    0.620041] TCP established hash table entries: 16384 (order: 5, 131072 bytes)
[    0.621262] TCP bind hash table entries: 16384 (order: 6, 262144 bytes)
[    0.623039] TCP: Hash tables configured (established 16384 bind 16384)
[    0.624421] UDP hash table entries: 1024 (order: 3, 32768 bytes)
[    0.625472] UDP-Lite hash table entries: 1024 (order: 3, 32768 bytes)
[    0.626371] NET: Registered protocol family 1
[    0.627049] pci 0000:00:00.0: Limiting direct PCI/PCI transfers
[    0.627942] pci 0000:00:01.0: Activating ISA DMA hang workarounds
[    0.628976] pci 0000:00:02.0: Video device with shadowed ROM at [mem 0x000c0000-0x000dffff]
[    0.630391] Unpacking initramfs...
[    0.906764] Freeing initrd memory: 19020K
[    0.929449] platform rtc_cmos: registered platform RTC device (no PNP device found)
[    0.930702] Scanning for low memory corruption every 60 seconds
[    0.946583] Initialise system trusted keyrings
[    0.947359] Key type blacklist registered
[    0.948062] workingset: timestamp_bits=36 max_order=19 bucket_order=0
[    0.949888] zbud: loaded
[    0.956988] squashfs: version 4.0 (2009/01/31) Phillip Lougher
[    0.958081] fuse init (API version 7.26)
[    0.961512] Key type asymmetric registered
[    0.980871] Asymmetric key parser 'x509' registered
[    0.981758] Block layer SCSI generic (bsg) driver version 0.4 loaded (major 246)
[    0.989410] io scheduler noop registered
[    0.989998] io scheduler deadline registered
[    0.990656] io scheduler cfq registered (default)
[    0.991656] ACPI: AC Adapter [AC] (on-line)
[    0.999133] input: Power Button as /devices/LNXSYSTM:00/LNXPWRBN:00/input/input0
[    1.000316] ACPI: Power Button [PWRF]
[    1.000965] input: Sleep Button as /devices/LNXSYSTM:00/LNXSLPBN:00/input/input1
[    1.021049] ACPI: Sleep Button [SLPF]
[    1.037542] ACPI: Battery Slot [BAT0] attery present

[    1.040124] Serial: 8250/16550 driver, 32 ports, IRQ sharing enabled
[    1.164095] 00:02: ttyS0 at I/O 0x3f8 (irq = 4, base_baud = 115200) is a 16550A
[    1.166023] Linux agpgart interface v0.103
[    1.168357] loop: module loaded
[    1.184390] scsi host0: ata_piix
[    1.191937] scsi host1: ata_piix
[    1.192529] ata1: PATA max UDMA/33 cmd 0x1f0 ctl 0x3f6 bmdma 0xd000 irq 14
[    1.193434] ata2: PATA max UDMA/33 cmd 0x170 ctl 0x376 bmdma 0xd008 irq 15
[    1.194578] libphy: Fixed MDIO Bus: probed
[    1.195322] tun: Universal TUN/TAP device driver, 1.6
[    1.196103] PPP generic driver version 2.4.2
[    1.220974] ehci_hcd: USB 2.0 'Enhanced' Host Controller (EHCI) Driver
[    1.221996] ehci-pci: EHCI PCI platform driver
[    1.222750] ehci-platform: EHCI generic platform driver
[    1.223597] ohci_hcd: USB 1.1 'Open' Host Controller (OHCI) Driver
[    1.224468] ohci-pci: OHCI PCI platform driver
[    1.225200] ohci-platform: OHCI generic platform driver
[    1.240396] uhci_hcd: USB Universal Host Controller Interface driver
[    1.276766] i8042: PNP: PS/2 Controller [PNP0303:PS2K,PNP0f03:PS2M] at 0x60,0x64 irq 1,12
[    1.305601] serio: i8042 KBD port at 0x60,0x64 irq 1
[    1.306413] serio: i8042 AUX port at 0x60,0x64 irq 12
[    1.307342] mousedev: PS/2 mouse device common for all mice
[    1.308517] input: AT Translated Set 2 keyboard as /devices/platform/i8042/serio0/input/input2
[    1.310267] rtc_cmos rtc_cmos: rtc core: registered rtc_cmos as rtc0
[    1.311331] rtc_cmos rtc_cmos: alarms up to one day, 114 bytes nvram
[    1.312363] i2c /dev entries driver
[    1.313005] device-mapper: uevent: version 1.0.3
[    1.313818] device-mapper: ioctl: 4.37.0-ioctl (2017-09-20) initialised: dm-devel@redhat.com
[    1.315225] ledtrig-cpu: registered to indicate activity on CPUs
[    1.323401] NET: Registered protocol family 10
[    1.326776] Segment Routing with IPv6
[    1.327403] NET: Registered protocol family 17
[    1.341347] Key type dns_resolver registered
[    1.342121] RAS: Correctable Errors collector initialized.
[    1.350051] sched_clock: Marking stable (1350029730, 0)->(2998369692, -1648339962)
[    1.351581] registered taskstats version 1
[    1.352316] Loading compiled-in X.509 certificates
[    1.354870] Loaded X.509 cert 'Build time autogenerated kernel key: f4ad6a5babf67650e4ceb385fa5dda8e4a178208'
[    1.356334] zswap: loaded using pool lzo/zbud
[    1.359912] Key type big_key registered
[    1.360542] Key type trusted registered
[    1.362445] Key type encrypted registered
[    1.363171] AppArmor: AppArmor sha1 policy hashing enabled
[    1.363973] ima: No TPM chip found, activating TPM-bypass! (rc=-19)
[    1.364964] evm: HMAC attrs: 0x1
[    1.365665]   Magic number: 0:648:901
[    1.366300] clocksource clocksource0: hash matches
[    1.367119] acpi PNP0501:01: hash matches
[    1.367781] rtc_cmos rtc_cmos: setting system clock to 2020-12-30 19:51:38 UTC (1609357898)
[    1.369203] BIOS EDD facility v0.16 2004-Jun-25, 0 devices found
[    1.370120] EDD information not available.
[    1.380255] Freeing unused kernel memory: 2404K
[    1.387870] Write protecting the kernel read-only data: 20480k
[    1.403865] Freeing unused kernel memory: 2008K
[    1.417475] Freeing unused kernel memory: 1904K
[    1.424837] x86/mm: Checked W+X mappings: passed, no W+X pages found.
[    1.446025] x86/mm: Checking user space page tables
[    1.459147] x86/mm: Checked W+X mappings: passed, no W+X pages found.
Loading, please wait...
starting version 237
[    1.531715] e1000: Intel(R) PRO/1000 Network Driver - version 7.3.21-k8-NAPI
[    1.552333] e1000: Copyright (c) 1999-2006 Intel Corporation.
[    1.574548] Fusion MPT base driver 3.04.20
[    1.582417] Copyright (c) 1999-2008 LSI Corporation
[    1.590201] Fusion MPT SPI Host driver 3.04.20
[    1.594138] AVX2 version of gcm_enc/dec engaged.
[    1.594983] AES CTR mode by8 optimization enabled
[    1.815953] input: ImExPS/2 Generic Explorer Mouse as /devices/platform/i8042/serio1/input/input4
[    2.840519] tsc: Refined TSC clocksource calibration: 1991.865 MHz
[    3.292943] clocksource: tsc: mask: 0xffffffffffffffff max_cycles: 0x396c532fdaf, max_idle_ns: 881590717859 ns
[    3.305870] e1000 0000:00:03.0 eth0: (PCI:33MHz:32-bit) 02:d8:8f:db:6c:f1
[    3.305874] e1000 0000:00:03.0 eth0: Intel(R) PRO/1000 Network Connection
[    3.672509] e1000 0000:00:08.0 eth1: (PCI:33MHz:32-bit) 08:00:27:7e:fc:16
[    3.687201] e1000 0000:00:08.0 eth1: Intel(R) PRO/1000 Network Connection
[    3.697156] mptbase: ioc0: Initiating bringup
[    3.697763] e1000 0000:00:03.0 enp0s3: renamed from eth0
[    3.729024] e1000 0000:00:08.0 enp0s8: renamed from eth1
[    3.828350] ioc0: LSI53C1030 A0: Capabilities={Initiator}
[    4.456220] scsi host2: ioc0: LSI53C1030 A0, FwRev=00000000h, Ports=1, MaxQ=256, IRQ=20
[    5.671070] scsi 2:0:0:0: Direct-Access     VBOX     HARDDISK         1.0  PQ: 0 ANSI: 5
[    5.716785] scsi target2:0:0: Beginning Domain Validation
[    5.718426] scsi target2:0:0: Domain Validation skipping write tests
[    6.239217] scsi target2:0:0: Ending Domain Validation
[    6.241208] scsi target2:0:0: asynchronous
[    6.242234] scsi 2:0:1:0: Direct-Access     VBOX     HARDDISK         1.0  PQ: 0 ANSI: 5
[    6.321412] scsi target2:0:1: Beginning Domain Validation
[    7.243896] scsi target2:0:1: Domain Validation skipping write tests
[    7.244843] scsi target2:0:1: Ending Domain Validation
[    7.286444] scsi target2:0:1: asynchronous
[    7.303662] sd 2:0:0:0: [sda] 62914560 512-byte logical blocks: (32.2 GB/30.0 GiB)
[    7.303680] sd 2:0:0:0: Attached scsi generic sg0 type 0
[    7.305762] sd 2:0:0:0: [sda] Write Protect is off
[    7.306170] sd 2:0:1:0: [sdb] 20480 512-byte logical blocks: (10.5 MB/10.0 MiB)
[    7.306242] sd 2:0:1:0: [sdb] Write Protect is off
[    7.306319] sd 2:0:1:0: [sdb] Incomplete mode parameter data
[    7.306320] sd 2:0:1:0: [sdb] Assuming drive cache: write through
[    7.308874] sd 2:0:1:0: Attached scsi generic sg1 type 0
[    7.311345] sd 2:0:0:0: [sda] Incomplete mode parameter data
[    7.311771] sd 2:0:1:0: [sdb] Attached SCSI disk
[    7.312959] sd 2:0:0:0: [sda] Assuming drive cache: write through
[    7.314852]  sda: sda1
[    7.322381] sd 2:0:0:0: [sda] Attached SCSI disk
Begin: Loading essential drivers ... [    8.728369] raid6: sse2x1   gen() 10786 MB/s
[    8.784518] raid6: sse2x1   xor()  6009 MB/s
[    8.836241] raid6: sse2x2   gen() 12233 MB/s
[    8.884066] raid6: sse2x2   xor()  8154 MB/s
[    8.952370] raid6: sse2x4   gen() 12308 MB/s
[    9.000190] raid6: sse2x4   xor()  7703 MB/s
[    9.052404] raid6: avx2x1   gen() 21177 MB/s
[    9.112444] raid6: avx2x1   xor() 12337 MB/s
[    9.176352] raid6: avx2x2   gen() 22970 MB/s
[    9.236380] raid6: avx2x2   xor() 13925 MB/s
[    9.284212] raid6: avx2x4   gen() 23117 MB/s
[    9.332031] raid6: avx2x4   xor() 15841 MB/s
[    9.332818] raid6: using algorithm avx2x4 gen() 23117 MB/s
[    9.333723] raid6: .... xor() 15841 MB/s, rmw enabled
[    9.334586] raid6: using avx2x2 recovery algorithm
[    9.350500] xor: automatically using best checksumming function   avx       
[    9.352756] async_tx: api initialized (async)
done.
Begin: Running /scripts/init-premount ... done.
Begin: Mounting root file system ... Begin: Running /scripts/local-top ... done.
Begin: Running /scripts/local-premount ... [    9.396737] Btrfs loaded, crc32c=crc32c-intel
Scanning for Btrfs filesystems
done.
Warning: fsck no[    9.431831] EXT4-fs (sda1): mounted filesystem with ordered data mode. Opts: (null)
t present, so skipping root file system
done.
Begin: Running /scripts/local-bottom ... done.
Begin: Running /scripts/init-bottom ... done.
[    9.630041] ip_tables: (C) 2000-2006 Netfilter Core Team
[    9.639628] systemd[1]: systemd 237 running in system mode. (+PAM +AUDIT +SELINUX +IMA +APPARMOR +SMACK +SYSVINIT +UTMP +LIBCRYPTSETUP +GCRYPT +GNUTLS +ACL +XZ +LZ4 +SECCOMP +BLKID +ELFUTILS +KMOD -IDN2 +IDN -PCRE2 default-hierarchy=hybrid)
[    9.642598] systemd[1]: Detected virtualization oracle.
[    9.672536] systemd[1]: Detected architecture x86-64.

Welcome to [1mUbuntu 18.04.5 LTS[0m!

[    9.725489] systemd[1]: Set hostname to <ubuntu-bionic>.
[   10.028892] systemd[1]: Created slice System Slice.
[[0;32m  OK  [0m] Created slice System Slice.
[   10.051394] systemd[1]: Listening on Device-mapper event daemon FIFOs.
[[0;32m  OK  [0m] Listening on Device-mapper event daemon FIFOs.
[   10.067527] systemd[1]: Listening on Journal Socket.
[[0;32m  OK  [0m] Listening on Journal Socket.
[   10.069473] systemd[1]: Listening on LVM2 poll daemon socket.
[[0;32m  OK  [0m] Listening on LVM2 poll daemon socket.
[   10.108616] systemd[1]: Listening on Syslog Socket.
[[0;32m  OK  [0m] Listening on Syslog Socket.
[   10.110788] systemd[1]: Starting Remount Root and Kernel File Systems...
         Starting Remount Root and Kernel File Systems...
[[0;32m  OK  [0m] Listening on /de[   10.122110] EXT4-fs (sda1): re-mounted. Opts: (null)
v/initctl Compatibility Named Pipe.
         Starting Load Kernel Modules...
[   10.181980] Loading iSCSI transport class v2.0-870.
[[0;32m  OK  [0m] Listening on Net[   10.188759] iscsi: registered transport (tcp)
work Service Netlink Socket.
[   10.235822] iscsi: registered transport (iser)
         Starting Create list of required st…ce nodes for the current kernel...
         Mounting Huge Pages File System...
         Starting Uncomplicated firewall...
[[0;32m  OK  [0m] Created slice system-serial\x2dgetty.slice.
[[0;32m  OK  [0m] Reached target User and Group Name Lookups.
[[0;32m  OK  [0m] Listening on udev Control Socket.
[[0;32m  OK  [0m] Created slice User and Session Slice.
[[0;32m  OK  [0m] Listening on udev Kernel Socket.
[[0;32m  OK  [0m] Started Forward Password Requests to Wall Directory Watch.
[[0;32m  OK  [0m] Reached target Slices.
         Mounting Kernel Debug File System...
         Starting udev Coldplug all Devices...
[[0;32m  OK  [0m] Set up automount Arbitrary Executab…rmats File System Automount Point.
[[0;32m  OK  [0m] Reached target System Time Synchronized.
[[0;32m  OK  [0m] Listening on LVM2 metadata daemon socket.
         Starting Monitoring of LVM2 mirrors…ng dmeventd or progress polling...
[[0;32m  OK  [0m] Reached target Swap.
         Mounting POSIX Message Queue File System...
[[0;32m  OK  [0m] Listening on Journal Socket (/dev/log).
[[0;32m  OK  [0m] Listening on Journal Audit Socket.
         Starting Journal Service...
         Starting Set the console keyboard layout...
[[0;32m  OK  [0m] Started Remount Root and Kernel File Systems.
[[0;32m  OK  [0m] Started Load Kernel Modules.
[[0;32m  OK  [0m] Started Create list of required sta…vice nodes for the current kernel.
[[0;32m  OK  [0m] Started Journal Service.
[[0;32m  OK  [0m] Mounted Huge Pages File System.
[[0;32m  OK  [0m] Started Uncomplicated firewall.
[[0;32m  OK  [0m] Mounted Kernel Debug File System.
[[0;32m  OK  [0m] Mounted POSIX Message Queue File System.
[[0;32m  OK  [0m] Started LVM2 metadata daemon.
         Starting Create Static Device Nodes in /dev...
         Mounting Kernel Configuration File System...
         Starting Apply Kernel Variables...
         Mounting FUSE Control File System...
         Starting Load/Save Random Seed...
         Starting Flush Journal to Persistent Storage...
[[0;32m  OK  [0m] Started Monitoring of LVM2 mirrors,…sing dmeventd or progress polling.
[[0;32m  OK  [0m] Started Set the console keyboard layout.
[[0;32m  OK  [0m] Started udev Coldplug all Devices.
[[0;32m  OK  [0m] Started Create Static Device Nodes in /dev.
[[0;32m  OK  [0m] Mounted Kernel Configuration File System.
[[0;32m  OK  [0m] Started Apply Kernel Variables.
[[0;32m  OK  [0m] Mounted FUSE Control File System.
[[0;32m  OK  [0m] Started Load/Save Random Seed.
         Starting udev Kernel Device Manager...
[[0;32m  OK  [0m] Reached target Local File Systems (Pre).
         Mounting /vagrant...
[[0;32m  OK  [0m] Reached target Local File Systems.
         Starting ebtables ruleset management...
         Starting AppArmor initialization...
         Starting Set console font and keymap...
         Starting Tell Plymouth To Write Out Runtime Data...
         Mounting /configs...
[[0;32m  OK  [0m] Started udev Kernel Device Manager.
[[0;32m  OK  [0m] Started Set console font and keymap.
[[0;32m  OK  [0m] Started Tell Plymouth To Write Out Runtime Data.
[[0;32m  OK  [0m] Mounted /vagrant.
[[0;32m  OK  [0m] Mounted /configs.
[[0;32m  OK  [0m] Started Dispatch Password Requests to Console Directory Watch.
[[0;32m  OK  [0m] Reached target Local Encrypted Volumes.
[[0;32m  OK  [0m] Started ebtables ruleset management.
[[0;32m  OK  [0m] Started Flush Journal to Persistent Storage.
         Starting Create Volatile Files and Directories...
[[0;32m  OK  [0m] Started Create Volatile Files and Directories.
         Starting Update UTMP about System Boot/Shutdown...
[[0;32m  OK  [0m] Started Update UTMP about System Boot/Shutdown.
[[0;32m  OK  [0m] Found device /dev/ttyS0.
[[0;32m  OK  [0m] Listening on Load/Save RF Kill Switch Status /dev/rfkill Watch.
[[0;32m  OK  [0m] Started AppArmor initialization.
         Starting Load AppArmor profiles managed internally by snapd...
         Starting Initial cloud-init job (pre-networking)...
[[0;32m  OK  [0m] Started Load AppArmor profiles managed internally by snapd.
[   12.218140] cloud-init[583]: Cloud-init v. 20.3-2-g371b392c-0ubuntu1~18.04.1 running 'init-local' at Wed, 30 Dec 2020 19:51:49 +0000. Up 12.01 seconds.
[[0;32m  OK  [0m] Started Initial cloud-init job (pre-networking).
[[0;32m  OK  [0m] Reached target Network (Pre).
         Starting Network Service...
[[0;32m  OK  [0m] Started Network Service.
         Starting Network Name Resolution...
         Starting Wait for Network to be Configured...
[[0;32m  OK  [0m] Started Network Name Resolution.
[[0;32m  OK  [0m] Reached target Network.
[[0;32m  OK  [0m] Reached target Host and Network Name Lookups.
[[0;32m  OK  [0m] Started Wait for Network to be Configured.
         Starting Initial cloud-init job (metadata service crawler)...
[   14.613136] cloud-init[693]: Cloud-init v. 20.3-2-g371b392c-0ubuntu1~18.04.1 running 'init' at Wed, 30 Dec 2020 19:51:51 +0000. Up 14.48 seconds.
[   14.683848] cloud-init[693]: ci-info: ++++++++++++++++++++++++++++++++++++++Net device info+++++++++++++++++++++++++++++++++++++++
[   14.685668] cloud-init[693]: ci-info: +--------+------+-----------------------------+---------------+--------+-------------------+
[   14.708824] cloud-init[693]: ci-info: | Device |  Up  |           Address           |      Mask     | Scope  |     Hw-Address    |
[   14.752053] cloud-init[693]: ci-info: +--------+------+-----------------------------+---------------+--------+-------------------+
[   14.753880] cloud-init[693]: ci-info: | enp0s3 | True |          10.0.2.15          | 255.255.255.0 | global | 02:d8:8f:db:6c:f1 |
[[   14.844428] cloud-init[693]: ci-info: | enp0s3 | True |  fe80::d8:8fff:fedb:6cf1/64 |       .       |  link  | 02:d8:8f:db:6c:f1 |
[   14.844531] cloud-init[693]: ci-info: | enp0s8 | True |        192.168.33.10        | 255.255.255.0 | global | 08:00:27:7e:fc:16 |
[0;32m  OK  [0m] Started Initial cloud-init job (metadata service crawler).
[   14.844823] cloud-init[693]: ci-info: | enp0s8 | True | fe80::a00:27ff:fe7e:fc16/64 |       .       |  link  | 08:00:27:7e:fc:16 |
[[   15.156888] cloud-init[693]: ci-info: |   lo   | True |          127.0.0.1          |   255.0.0.0   |  host  |         .         |
[   15.156954] cloud-init[693]: ci-info: |   lo   | True |           ::1/128           |       .       |  host  |         .         |
[0;32m  OK  [0m] Reached target Network is Online.
[   15.157096] cloud-init[693]: ci-info: +--------+------+-----------------------------+---------------+--------+-------------------+
[   15.188304] cloud-init[693]: ci-info: +++++++++++++++++++++++++++++Route IPv4 info+++++++++++++++++++++++++++++
[   15.189594] cloud-init[693]: ci-info: +-------+--------------+----------+-----------------+-----------+-------+
         [   15.194608] cloud-init[693]: ci-info: | Route | Destination  | Gateway  |     Genmask     | Interface | Flags |
[   15.194827] cloud-init[693]: ci-info: +-------+--------------+----------+-----------------+-----------+-------+
Starting Availability of block devices...
[   15.194979] cloud-init[693]: ci-info: |   0   |   0.0.0.0    | 10.0.2.2 |     0.0.0.0     |   enp0s3  |   UG  |
[[   15.220647] cloud-init[693]: ci-info: |   1   |   10.0.2.0   | 0.0.0.0  |  255.255.255.0  |   enp0s3  |   U   |
[   15.220750] cloud-init[693]: ci-info: |   2   |   10.0.2.2   | 0.0.0.0  | 255.255.255.255 |   enp0s3  |   UH  |
[   15.221081] cloud-init[693]: ci-info: |   3   | 192.168.33.0 | 0.0.0.0  |  255.255.255.0  |   enp0s8  |   U   |
[   15.221431] cloud-init[693]: ci-info: +-------+--------------+----------+-----------------+-----------+-------+
[   15.221744] cloud-init[693]: ci-info: +++++++++++++++++++Route IPv6 info+++++++++++++++++++
[   15.222402] cloud-init[693]: ci-info: +-------+-------------+---------+-----------+-------+
[   15.222725] cloud-init[693]: ci-info: | Route | Destination | Gateway | Interface | Flags |
[   15.223061] cloud-init[693]: ci-info: +-------+-------------+---------+-----------+-------+
[   15.223230] cloud-init[693]: ci-info: |   1   |  fe80::/64  |    ::   |   enp0s3  |   U   |
[   15.223570] cloud-init[693]: ci-info: |   2   |  fe80::/64  |    ::   |   enp0s8  |   U   |
[   15.223730] cloud-init[693]: ci-info: |   4   |    local    |    ::   |   enp0s3  |   U   |
[   15.224244] cloud-init[693]: ci-info: |   5   |    local    |    ::   |   enp0s8  |   U   |
[   15.224550] cloud-init[693]: ci-info: |   6   |   ff00::/8  |    ::   |   enp0s3  |   U   |
[   15.224710] cloud-init[693]: ci-info: |   7   |   ff00::/8  |    ::   |   enp0s8  |   U   |
[   15.224863] cloud-init[693]: ci-info: +-------+-------------+---------+-----------+-------+
[0;32m  OK  [0m] Reached target Remote File Systems (Pre).
[[0;32m  OK  [0m] Reached target Remote File Systems.
[[0;32m  OK  [0m] Reached target System Initialization.
         Starting Socket activation for snappy daemon.
[[0;32m  OK  [0m] Listening on ACPID Listen Socket.
         Starting LXD - unix socket.
         Starting Docker Socket for the API.
[[0;32m  OK  [0m] Started Daily apt download activities.
[[0;32m  OK  [0m] Listening on UUID daemon activation socket.
[[0;32m  OK  [0m] Started Daily apt upgrade and clean activities.
[[0;32m  OK  [0m] Listening on D-Bus System Message Bus Socket.
[[0;32m  OK  [0m] Started ACPI Events Check.
[[0;32m  OK  [0m] Started Discard unused blocks once a week.
[[0;32m  OK  [0m] Started Daily Cleanup of Temporary Directories.
[[0;32m  OK  [0m] Reached target Paths.
[[0;32m  OK  [0m] Started Message of the Day.
[[0;32m  OK  [0m] Reached target Timers.
[[0;32m  OK  [0m] Listening on Open-iSCSI iscsid Socket.
[[0;32m  OK  [0m] Reached target Cloud-config availability.
[[0;32m  OK  [0m] Started Availability of block devices.
[[0;32m  OK  [0m] Listening on Socket activation for snappy daemon.
[[0;32m  OK  [0m] Listening on LXD - unix socket.
[[0;32m  OK  [0m] Listening on Docker Socket for the API.
[[0;32m  OK  [0m] Reached target Sockets.
[[0;32m  OK  [0m] Reached target Basic System.
         Starting Permit User Sessions...
[[0;32m  OK  [0m] Started irqbalance daemon.
         Starting Virtualbox guest utils...
[[0;32m  OK  [0m] Started FUSE filesystem for LXC.
         Starting LSB: automatic crash report generation...
         Starting LSB: Linux init script for swapspace...
         Starting containerd container runtime...
[[0;32m  OK  [0m] Started Regular background program processing daemon.
         Starting LSB: Record successful boot for GRUB...
         Starting Accounts Service...
[[0;32m  OK  [0m] Started Deferred execution scheduler.
         Starting LXD - container startup/shutdown...
         Starting OpenBSD Secure Shell server...
         Starting MySQL Community Server...
         Starting Login Service...
[[0;32m  OK  [0m] Started D-Bus System Message Bus.
         Starting Dispatcher daemon for systemd-networkd...
         Starting System Logging Service...
         Starting Snap Daemon...
[[0;32m  OK  [0m] Started Permit User Sessions.
[[0;32m  OK  [0m] Started System Logging Service.
[[0;32m  OK  [0m] Started LXD - container startup/shutdown.
[[0;32m  OK  [0m] Started Login Service.
[[0;32m  OK  [0m] Started OpenBSD Secure Shell server.
[[0;32m  OK  [0m] Started LSB: Linux init script for swapspace.
         Starting Authorization Manager...
[[0;32m  OK  [0m] Started Unattended Upgrades Shutdown.
         Starting Hold until boot process finishes up...
         Starting Terminate Plymouth Boot Screen...
[[0;32m  OK  [0m] Started Hold until boot process finishes up.
[[0;32m  OK  [0m] Started Terminate Plymouth Boot Screen.
[[0;32m  OK  [0m] Started Serial Getty on ttyS0.
         Starting Set console scheme...
[[0;32m  OK  [0m] Started Authorization Manager.
[[0;32m  OK  [0m] Started Accounts Service.
[[0;32m  OK  [0m] Started LSB: automatic crash report generation.
[[0;32m  OK  [0m] Started Set console scheme.
[[0;32m  OK  [0m] Created slice system-getty.slice.
[[0;32m  OK  [0m] Started Getty on tty1.
[[0;32m  OK  [0m] Reached target Login Prompts.
[[0;32m  OK  [0m] Started Virtualbox guest utils.
[[0;32m  OK  [0m] Started LSB: Record successful boot for GRUB.
[[0;32m  OK  [0m] Created slice User Slice of vagrant.
         Starting User Manager for UID 1000...
[[0;32m  OK  [0m] Started Session 1 of user vagrant.
[[0;32m  OK  [0m] Started Dispatcher daemon for systemd-networkd.
[[0;32m  OK  [0m] Started User Manager for UID 1000.
[[0;32m  OK  [0m] Started containerd container runtime.
         Starting Docker Application Container Engine...
[[0;32m  OK  [0m] Started Snap Daemon.
         Starting Wait until snapd is fully seeded...
[[0;32m  OK  [0m] Started Wait until snapd is fully seeded.
         Starting Apply the settings specified in cloud-config...
[[0;32m  OK  [0m] Started MySQL Community Server.
[   19.511379] cloud-init[1303]: Cloud-init v. 20.3-2-g371b392c-0ubuntu1~18.04.1 running 'modules:config' at Wed, 30 Dec 2020 19:51:56 +0000. Up 19.39 seconds.
[[0;32m  OK  [0m] Started Apply the settings specified in cloud-config.
[[0;32m  OK  [0m] Started Docker Application Container Engine.
[[0;32m  OK  [0m] Reached target Multi-User System.
         Starting Execute cloud user/final scripts...
[[0;32m  OK  [0m] Reached target Graphical Interface.
         Starting Update UTMP about System Runlevel Changes...
[[0;32m  OK  [0m] Started Update UTMP about System Runlevel Changes.
[   20.878141] cloud-init[1626]: Cloud-init v. 20.3-2-g371b392c-0ubuntu1~18.04.1 running 'modules:final' at Wed, 30 Dec 2020 19:51:57 +0000. Up 20.77 seconds.
[   20.895056] cloud-init[1626]: Cloud-init v. 20.3-2-g371b392c-0ubuntu1~18.04.1 finished at Wed, 30 Dec 2020 19:51:57 +0000. Datasource DataSourceNoCloud [seed=/dev/sdb][dsmode=net].  Up 20.87 seconds
[[0;32m  OK  [0m] Started Execute cloud user/final scripts.
[[0;32m  OK  [0m] Reached target Cloud-init target.

Ubuntu 18.04.5 LTS ubuntu-bionic ttyS0

ubuntu-bionic login: 